This is LuaHBTeX, Version 1.12.0 (MiKTeX 20.11) (format=lualatex 2023.2.19)  11 APR 2023 19:53
 restricted system commands enabled.
**Spunk_bok.tex
(./Spunk_bok.tex
LaTeX2e <2020-10-01> patch level 2
Lua module: luaotfload-main 2020-09-02 3.15 luaotfload entry point
Lua module: luaotfload-init 2020-09-02 3.15 luaotfload submodule / initializatio
n
Lua module: lualibs 2020-08-31 2.72 ConTeXt Lua standard libraries.
Lua module: lualibs-extended 2020-08-31 2.72 ConTeXt Lua libraries -- extended c
ollection.
Lua module: luaotfload-log 2020-09-02 3.15 luaotfload submodule / logging
Lua module: luaotfload-parsers 2020-09-02 3.15 luaotfload submodule / parsers
Lua module: luaotfload-configuration 2020-09-02 3.15 luaotfload submodule / conf
ig file reader
luaotfload | conf : Root cache directory is "C:/Users/Ris-Otto/AppData/Local/MiK
TeX/luatex-cache/generic/names".
luaotfload | init : Loading fontloader "fontloader-2020-08-31.lua" from kpse-res
olved path "C:/Users/Ris-Otto/AppData/Local/Programs/MiKTeX/tex/luatex/luaotfloa
d/fontloader-2020-08-31.lua".
Lua-only attribute luaotfload@noligature = 1
Lua-only attribute luaotfload@syllabe = 2
luaotfload | init : Context OpenType loader version 0x1.8e353f7ced917p+1
Lua module: luaotfload-fallback 2020-09-02 3.15 luaotfload submodule / fallback
Lua module: luaotfload-multiscript 2020-09-02 3.15 luaotfload submodule / multis
cript
Lua module: luaotfload-script 2020-09-02 3.15 luaotfload submodule / Script help
ers
Inserting `luaotfload.node_processor' at position 1 in `pre_linebreak_filter'.
Inserting `luaotfload.node_processor' at position 1 in `hpack_filter'.
Inserting `luaotfload.glyph_stream' at position 1 in `glyph_stream_provider'.
Lua module: luaotfload-loaders 2020-09-02 3.15 luaotfload submodule / callback h
andling
Inserting `luaotfload.define_font' at position 1 in `define_font'.
Lua module: luaotfload-database 2020-09-02 3.15 luaotfload submodule / database
Lua module: luaotfload-unicode 2020-09-02 3.15 luaotfload submodule / Unicode he
lpers
Lua module: luaotfload-colors 2020-09-02 3.15 luaotfload submodule / color
Lua-only attribute luaotfload_color_attribute = 3
Lua module: luaotfload-resolvers 2020-09-02 3.15 luaotfload submodule / resolver
s
luaotfload | conf : Root cache directory is "C:/Users/Ris-Otto/AppData/Local/MiK
TeX/luatex-cache/generic/names".
Lua module: luaotfload-features 2020-09-02 3.15 luaotfload submodule / features
Lua module: luaotfload-harf-define 2020-09-02 3.15 luaotfload submodule / HarfBu
zz font loading
Inserting `luaotfload.harf.strip_prefix' at position 1 in `find_opentype_file'.
Inserting `luaotfload.harf.strip_prefix' at position 1 in `find_truetype_file'.
Lua module: luaotfload-harf-plug 2020-09-02 3.15 luaotfload submodule / HarfBuzz
 shaping
Inserting `Harf pre_output_filter callback' at position 1 in `pre_output_filter'
.
Inserting `Harf wrapup_run callback' at position 1 in `wrapup_run'.
Inserting `Harf finish_pdffile callback' at position 1 in `finish_pdffile'.
Inserting `Harf glyph_info callback' at position 1 in `glyph_info'.
Lua module: luaotfload-letterspace 2020-09-02 3.15 luaotfload submodule / letter
spacing
Lua module: luaotfload-embolden 2020-09-02 3.15 luaotfload submodule / embolden
Lua module: luaotfload-notdef 2020-09-02 3.15 luaotfload submodule / notdef
Lua module: luaotfload-suppress 2020-09-02 3.15 luaotfload submodule / suppress
Lua module: luaotfload-szss 2020-09-02 3.15 luaotfload submodule / Special featu
re handling
Lua module: luaotfload-auxiliary 2020-09-02 3.15 luaotfload submodule / auxiliar
y functions
Inserting `luaotfload.aux.set_sscale_dimens' at position 1 in `luaotfload.patch_
font'.
Inserting `luaotfload.aux.set_font_index' at position 2 in `luaotfload.patch_fon
t'.
Inserting `luaotfload.aux.patch_cambria_domh' at position 3 in `luaotfload.patch
_font'.
Inserting `luaotfload.aux.fixup_fontdata' at position 1 in `luaotfload.patch_fon
t_unsafe'.
Inserting `luaotfload.aux.set_capheight' at position 4 in `luaotfload.patch_font
'.
Inserting `luaotfload.aux.set_xheight' at position 5 in `luaotfload.patch_font'.
Lua module: luaotfload-tounicode 2020-09-02 3.15 luaotfload submodule / tounicod
e
Inserting `luaotfload.rewrite_fontname' at position 6 in `luaotfload.patch_font'
. L3 programming layer <2020-10-27> xparse <2020-03-03>
(C:/Users/Ris-Otto/AppData/Local/Programs/MiKTeX/tex/latex/base/book.cls
Document Class: book 2020/04/10 v1.4m Standard LaTeX document class
(C:/Users/Ris-Otto/AppData/Local/Programs/MiKTeX/tex/latex/base/bk11.clo
File: bk11.clo 2020/04/10 v1.4m Standard LaTeX file (size option)
luaotfload | db : Font names database loaded from C:/Users/Ris-Otto/AppData/Loca
l/MiKTeX/luatex-cache/generic/names/luaotfload-names.luc)
\c@part=\count171
\c@chapter=\count172
\c@section=\count173
\c@subsection=\count174
\c@subsubsection=\count175
\c@paragraph=\count176
\c@subparagraph=\count177
\c@figure=\count178
\c@table=\count179
\abovecaptionskip=\skip47
\belowcaptionskip=\skip48
\bibindent=\dimen138
)
(C:/Users/Ris-Otto/AppData/Local/Programs/MiKTeX/tex/latex/pdfpages/pdfpages.st
y
Package: pdfpages 2022/12/19 v0.5x Insert pages of external PDF documents (AM)
 (C:/Users/Ris-Otto/AppData/Local/Programs/MiKTeX/tex/latex/base/ifthen.sty
Package: ifthen 2014/09/29 v1.1c Standard LaTeX ifthen package (DPC)
)
(C:/Users/Ris-Otto/AppData/Local/Programs/MiKTeX/tex/latex/tools/calc.sty
Package: calc 2017/05/25 v4.3 Infix arithmetic (KKT,FJ)
\calc@Acount=\count180
\calc@Bcount=\count181
\calc@Adimen=\dimen139
\calc@Bdimen=\dimen140
\calc@Askip=\skip49
\calc@Bskip=\skip50
LaTeX Info: Redefining \setlength on input line 80.
LaTeX Info: Redefining \addtolength on input line 81.
\calc@Ccount=\count182
\calc@Cskip=\skip51
)
(C:/Users/Ris-Otto/AppData/Local/Programs/MiKTeX/tex/latex/eso-pic/eso-pic.sty
Package: eso-pic 2020/10/14 v3.0a eso-pic (RN)
\ESO@tempdima=\dimen141
\ESO@tempdimb=\dimen142

(C:/Users/Ris-Otto/AppData/Local/Programs/MiKTeX/tex/latex/graphics/keyval.sty
Package: keyval 2014/10/28 v1.15 key=value parser (DPC)
\KV@toks@=\toks15
) (C:/Users/Ris-Otto/AppData/Local/Programs/MiKTeX/tex/latex/xcolor/xcolor.sty
Package: xcolor 2016/05/11 v2.12 LaTeX color extensions (UK)

(C:/Users/Ris-Otto/AppData/Local/Programs/MiKTeX/tex/latex/graphics-cfg/color.c
fg
File: color.cfg 2016/01/02 v1.6 sample color configuration
)
Package xcolor Info: Driver file: luatex.def on input line 225.

(C:/Users/Ris-Otto/AppData/Local/Programs/MiKTeX/tex/latex/graphics-def/luatex.
def
File: luatex.def 2020/10/05 v1.2a Graphics/color driver for luatex
)
Package xcolor Info: Model `cmy' substituted by `cmy0' on input line 1348.
Package xcolor Info: Model `hsb' substituted by `rgb' on input line 1352.
Package xcolor Info: Model `RGB' extended on input line 1364.
Package xcolor Info: Model `HTML' substituted by `rgb' on input line 1366.
Package xcolor Info: Model `Hsb' substituted by `hsb' on input line 1367.
Package xcolor Info: Model `tHsb' substituted by `hsb' on input line 1368.
Package xcolor Info: Model `HSB' substituted by `hsb' on input line 1369.
Package xcolor Info: Model `Gray' substituted by `gray' on input line 1370.
Package xcolor Info: Model `wave' substituted by `hsb' on input line 1371.
))
(C:/Users/Ris-Otto/AppData/Local/Programs/MiKTeX/tex/latex/graphics/graphicx.st
y
Package: graphicx 2020/09/09 v1.2b Enhanced LaTeX Graphics (DPC,SPQR)

(C:/Users/Ris-Otto/AppData/Local/Programs/MiKTeX/tex/latex/graphics/graphics.st
y
Package: graphics 2020/08/30 v1.4c Standard LaTeX Graphics (DPC,SPQR)
 (C:/Users/Ris-Otto/AppData/Local/Programs/MiKTeX/tex/latex/graphics/trig.sty
Package: trig 2016/01/03 v1.10 sin cos tan (DPC)
)
(C:/Users/Ris-Otto/AppData/Local/Programs/MiKTeX/tex/latex/graphics-cfg/graphic
s.cfg
File: graphics.cfg 2016/06/04 v1.11 sample graphics configuration
)
Package graphics Info: Driver file: luatex.def on input line 105.
)
\Gin@req@height=\dimen143
\Gin@req@width=\dimen144
)
\AM@pagewidth=\dimen145
\AM@pageheight=\dimen146
\AM@fboxrule=\dimen147

(C:/Users/Ris-Otto/AppData/Local/Programs/MiKTeX/tex/latex/pdfpages/ppluatex.de
f
File: ppluatex.def 2022/12/19 v0.5x Pdfpages driver for LuaTeX (AM)
)
\pdfpages@includegraphics@status=\count183
\AM@pagebox=\box47
\AM@global@opts=\toks16
\AM@pagecnt=\count184
\AM@toc@title=\toks17
\AM@lof@heading=\toks18
\c@AM@survey=\count185
\AM@templatesizebox=\box48
)
(C:/Users/Ris-Otto/AppData/Local/Programs/MiKTeX/tex/latex/geometry/geometry.st
y
Package: geometry 2020/01/02 v5.9 Page Geometry
 (C:/Users/Ris-Otto/AppData/Local/Programs/MiKTeX/tex/generic/iftex/ifvtex.sty
Package: ifvtex 2019/10/25 v1.7 ifvtex legacy package. Use iftex instead.
(C:/Users/Ris-Otto/AppData/Local/Programs/MiKTeX/tex/generic/iftex/iftex.sty
Package: iftex 2020/03/06 v1.0d TeX engine tests
))
\Gm@cnth=\count186
\Gm@cntv=\count187
\c@Gm@tempcnt=\count188
\Gm@bindingoffset=\dimen148
\Gm@wd@mp=\dimen149
\Gm@odd@mp=\dimen150
\Gm@even@mp=\dimen151
\Gm@layoutwidth=\dimen152
\Gm@layoutheight=\dimen153
\Gm@layouthoffset=\dimen154
\Gm@layoutvoffset=\dimen155
\Gm@dimlist=\toks19

(C:/Users/Ris-Otto/AppData/Local/Programs/MiKTeX/tex/latex/geometry/geometry.cf
g))
(C:/Users/Ris-Otto/AppData/Local/Programs/MiKTeX/tex/latex/l3backend/l3backend-
luatex.def
File: l3backend-luatex.def 2020-09-24 L3 backend support: PDF output (LuaTeX)
\l__kernel_color_stack_int=\count189
\l__pdf_internal_box=\box49
) (./Spunk_bok.aux)
\openout1 = Spunk_bok.aux

LaTeX Font Info:    Checking defaults for OML/cmm/m/it on input line 10.
LaTeX Font Info:    ... okay on input line 10.
LaTeX Font Info:    Checking defaults for OMS/cmsy/m/n on input line 10.
LaTeX Font Info:    ... okay on input line 10.
LaTeX Font Info:    Checking defaults for OT1/cmr/m/n on input line 10.
LaTeX Font Info:    ... okay on input line 10.
LaTeX Font Info:    Checking defaults for T1/cmr/m/n on input line 10.
LaTeX Font Info:    ... okay on input line 10.
LaTeX Font Info:    Checking defaults for TS1/cmr/m/n on input line 10.
LaTeX Font Info:    Trying to load font information for TS1+cmr on input line 10
.

(C:/Users/Ris-Otto/AppData/Local/Programs/MiKTeX/tex/latex/base/ts1cmr.fd
File: ts1cmr.fd 2019/12/16 v2.5j Standard LaTeX font definitions
)
LaTeX Font Info:    ... okay on input line 10.
LaTeX Font Info:    Checking defaults for TU/lmr/m/n on input line 10.
LaTeX Font Info:    ... okay on input line 10.
LaTeX Font Info:    Checking defaults for OMX/cmex/m/n on input line 10.
LaTeX Font Info:    ... okay on input line 10.
LaTeX Font Info:    Checking defaults for U/cmr/m/n on input line 10.
LaTeX Font Info:    ... okay on input line 10.

(C:/Users/Ris-Otto/AppData/Local/Programs/MiKTeX/tex/context/base/mkii/supp-pdf
.mkii
[Loading MPS to PDF converter (version 2006.09.02).]
\scratchcounter=\count190
\scratchdimen=\dimen156
\scratchbox=\box50
\nofMPsegments=\count191
\nofMParguments=\count192
\everyMPshowfont=\toks20
\MPscratchCnt=\count193
\MPscratchDim=\dimen157
\MPnumerator=\count194
\makeMPintoPDFobject=\count195
\everyMPtoPDFconversion=\toks21
)
(C:/Users/Ris-Otto/AppData/Local/Programs/MiKTeX/tex/latex/epstopdf-pkg/epstopd
f-base.sty
Package: epstopdf-base 2020-01-24 v2.11 Base part for package epstopdf
Package epstopdf-base Info: Redefining graphics rule for `.eps' on input line 48
5.
)
(C:/Users/Ris-Otto/AppData/Local/Programs/MiKTeX/tex/latex/pdflscape/pdflscape.
sty
Package: pdflscape 2022-10-27 v0.13 Display of landscape pages in PDF

(C:/Users/Ris-Otto/AppData/Local/Programs/MiKTeX/tex/latex/pdflscape/pdflscape-
nometadata.sty
Package: pdflscape-nometadata 2022-10-28 v0.13 Display of landscape pages in PDF
 (HO)

(C:/Users/Ris-Otto/AppData/Local/Programs/MiKTeX/tex/latex/graphics/lscape.sty
Package: lscape 2020/05/28 v3.02 Landscape Pages (DPC)
)
Package pdflscape Info: Auto-detected driver: pdftex on input line 81.
))
*geometry* driver: auto-detecting
*geometry* detected driver: luatex
*geometry* verbose mode - [ preamble ] result:
* driver: luatex
* paper: <default>
* layout: <same size as paper>
* layoutoffset:(h,v)=(0.0pt,0.0pt)
* modes: twoside 
* h-part:(L,W,R)=(36.135pt, 542.02501pt, 36.135pt)
* v-part:(T,H,B)=(28.90755pt, 719.08739pt, 46.97505pt)
* \paperwidth=614.295pt
* \paperheight=794.96999pt
* \textwidth=542.02501pt
* \textheight=719.08739pt
* \oddsidemargin=-36.135pt
* \evensidemargin=-36.135pt
* \topmargin=-75.23624pt
* \headheight=12.0pt
* \headsep=19.8738pt
* \topskip=11.0pt
* \footskip=27.46295pt
* \marginparwidth=116.0pt
* \marginparsep=7.0pt
* \columnsep=10.0pt
* \skip\footins=10.0pt plus 4.0pt minus 2.0pt
* \hoffset=0.0pt
* \voffset=0.0pt
* \mag=1000
* \@twocolumnfalse
* \@twosidetrue
* \@mparswitchtrue
* \@reversemarginfalse
* (1in=72.27pt=25.4mm, 1cm=28.453pt)

LaTeX Font Info:    External font `cmex10' loaded for size
(Font)              <12> on input line 14.
LaTeX Font Info:    External font `cmex10' loaded for size
(Font)              <8> on input line 14.
LaTeX Font Info:    External font `cmex10' loaded for size
(Font)              <6> on input line 14.
[1


{C:/Users/Ris-Otto/AppData/Local/MiKTeX/pdftex/config/pdftex.map}]
LaTeX Font Info:    External font `cmex10' loaded for size
(Font)              <10.95> on input line 20.

Underfull \hbox (badness 10000) in paragraph at lines 20--30

 []


Underfull \hbox (badness 10000) in paragraph at lines 31--40

 []


Underfull \hbox (badness 10000) in paragraph at lines 41--42

 []


Underfull \hbox (badness 10000) in paragraph at lines 43--52

 []

<skjutit_gok_not.pdf, id=7, 597.23125pt x 845.1575pt>
File: skjutit_gok_not.pdf Graphic file (type pdf)
<use skjutit_gok_not.pdf>
Package luatex.def Info: skjutit_gok_not.pdf  used on input line 56.
(luatex.def)             Requested size: 597.22978pt x 845.15544pt.
File: skjutit_gok_not.pdf Graphic file (type pdf)
<use skjutit_gok_not.pdf>
Package luatex.def Info: skjutit_gok_not.pdf  used on input line 56.
(luatex.def)             Requested size: 597.22978pt x 845.15544pt.
<skjutit_gok_not.pdf, id=10, page=1, 597.23125pt x 845.1575pt>
File: skjutit_gok_not.pdf Graphic file (type pdf)
<use skjutit_gok_not.pdf, page 1>
Package luatex.def Info: skjutit_gok_not.pdf , page1 used on input line 56.
(luatex.def)             Requested size: 542.02501pt x 767.08275pt.
File: skjutit_gok_not.pdf Graphic file (type pdf)
<use skjutit_gok_not.pdf, page 1>
Package luatex.def Info: skjutit_gok_not.pdf , page1 used on input line 56.
(luatex.def)             Requested size: 619.00073pt x 875.9641pt.
[2]
File: skjutit_gok_not.pdf Graphic file (type pdf)
<use skjutit_gok_not.pdf, page 1>
Package luatex.def Info: skjutit_gok_not.pdf , page1 used on input line 56.
(luatex.def)             Requested size: 619.00073pt x 875.9641pt.
File: skjutit_gok_not.pdf Graphic file (type pdf)
<use skjutit_gok_not.pdf, page 1>
Package luatex.def Info: skjutit_gok_not.pdf , page1 used on input line 56.
(luatex.def)             Requested size: 619.00073pt x 875.9641pt.
File: skjutit_gok_not.pdf Graphic file (type pdf)
<use skjutit_gok_not.pdf, page 1>
Package luatex.def Info: skjutit_gok_not.pdf , page1 used on input line 56.
(luatex.def)             Requested size: 619.00073pt x 875.9641pt.
 [3<./skjutit_gok_not.pdf>]
Underfull \hbox (badness 10000) in paragraph at lines 63--72

 []


Underfull \hbox (badness 10000) in paragraph at lines 73--78

 []


Underfull \hbox (badness 10000) in paragraph at lines 79--88

 []


Underfull \hbox (badness 10000) in paragraph at lines 89--94

 []

<En_bit_och_en_sup.pdf, id=43, 597.23125pt x 845.1575pt>
File: En_bit_och_en_sup.pdf Graphic file (type pdf)
<use En_bit_och_en_sup.pdf>
Package luatex.def Info: En_bit_och_en_sup.pdf  used on input line 95.
(luatex.def)             Requested size: 597.22978pt x 845.15544pt.
File: En_bit_och_en_sup.pdf Graphic file (type pdf)
<use En_bit_och_en_sup.pdf>
Package luatex.def Info: En_bit_och_en_sup.pdf  used on input line 95.
(luatex.def)             Requested size: 597.22978pt x 845.15544pt.
<En_bit_och_en_sup.pdf, id=46, page=1, 597.23125pt x 845.1575pt>
File: En_bit_och_en_sup.pdf Graphic file (type pdf)
<use En_bit_och_en_sup.pdf, page 1>
Package luatex.def Info: En_bit_och_en_sup.pdf , page1 used on input line 95.
(luatex.def)             Requested size: 542.02501pt x 767.08275pt.
File: En_bit_och_en_sup.pdf Graphic file (type pdf)
<use En_bit_och_en_sup.pdf, page 1>
Package luatex.def Info: En_bit_och_en_sup.pdf , page1 used on input line 95.
(luatex.def)             Requested size: 619.00073pt x 875.9641pt.
[4]
File: En_bit_och_en_sup.pdf Graphic file (type pdf)
<use En_bit_och_en_sup.pdf, page 1>
Package luatex.def Info: En_bit_och_en_sup.pdf , page1 used on input line 95.
(luatex.def)             Requested size: 619.00073pt x 875.9641pt.
File: En_bit_och_en_sup.pdf Graphic file (type pdf)
<use En_bit_och_en_sup.pdf, page 1>
Package luatex.def Info: En_bit_och_en_sup.pdf , page1 used on input line 95.
(luatex.def)             Requested size: 619.00073pt x 875.9641pt.
File: En_bit_och_en_sup.pdf Graphic file (type pdf)
<use En_bit_och_en_sup.pdf, page 1>
Package luatex.def Info: En_bit_och_en_sup.pdf , page1 used on input line 95.
(luatex.def)             Requested size: 619.00073pt x 875.9641pt.
 [5<./En_bit_och_en_sup.pdf>]
Underfull \hbox (badness 10000) in paragraph at lines 100--105

 []


Underfull \hbox (badness 10000) in paragraph at lines 106--111

 []


Underfull \hbox (badness 10000) in paragraph at lines 112--117

 []


Underfull \hbox (badness 10000) in paragraph at lines 118--123

 []

<Svettvisan.pdf, id=76, 597.23125pt x 845.1575pt>
File: Svettvisan.pdf Graphic file (type pdf)
<use Svettvisan.pdf>
Package luatex.def Info: Svettvisan.pdf  used on input line 124.
(luatex.def)             Requested size: 597.22978pt x 845.15544pt.
File: Svettvisan.pdf Graphic file (type pdf)
<use Svettvisan.pdf>
Package luatex.def Info: Svettvisan.pdf  used on input line 124.
(luatex.def)             Requested size: 597.22978pt x 845.15544pt.
<Svettvisan.pdf, id=79, page=1, 597.23125pt x 845.1575pt>
File: Svettvisan.pdf Graphic file (type pdf)
<use Svettvisan.pdf, page 1>
Package luatex.def Info: Svettvisan.pdf , page1 used on input line 124.
(luatex.def)             Requested size: 542.02501pt x 767.08275pt.
File: Svettvisan.pdf Graphic file (type pdf)
<use Svettvisan.pdf, page 1>
Package luatex.def Info: Svettvisan.pdf , page1 used on input line 124.
(luatex.def)             Requested size: 619.00073pt x 875.9641pt.
[6]
File: Svettvisan.pdf Graphic file (type pdf)
<use Svettvisan.pdf, page 1>
Package luatex.def Info: Svettvisan.pdf , page1 used on input line 124.
(luatex.def)             Requested size: 619.00073pt x 875.9641pt.
File: Svettvisan.pdf Graphic file (type pdf)
<use Svettvisan.pdf, page 1>
Package luatex.def Info: Svettvisan.pdf , page1 used on input line 124.
(luatex.def)             Requested size: 619.00073pt x 875.9641pt.
File: Svettvisan.pdf Graphic file (type pdf)
<use Svettvisan.pdf, page 1>
Package luatex.def Info: Svettvisan.pdf , page1 used on input line 124.
(luatex.def)             Requested size: 619.00073pt x 875.9641pt.
 [7<./Svettvisan.pdf>]
Underfull \hbox (badness 10000) in paragraph at lines 132--133

 []


Underfull \hbox (badness 10000) in paragraph at lines 137--140

 []


Underfull \hbox (badness 10000) in paragraph at lines 141--146

 []


Underfull \hbox (badness 10000) in paragraph at lines 147--151

 []


Underfull \hbox (badness 10000) in paragraph at lines 152--157

 []


Underfull \hbox (badness 10000) in paragraph at lines 158--162

 []


Underfull \hbox (badness 10000) in paragraph at lines 163--168

 []


Underfull \hbox (badness 10000) in paragraph at lines 175--179

 []


Underfull \hbox (badness 10000) in paragraph at lines 180--185

 []


Underfull \hbox (badness 10000) in paragraph at lines 186--190

 []


Underfull \hbox (badness 10000) in paragraph at lines 191--196

 []


Underfull \hbox (badness 10000) in paragraph at lines 197--201

 []


Underfull \hbox (badness 10000) in paragraph at lines 202--207

 []

[8] (./Spunk_bok.aux))

Here is how much of LuaTeX's memory you used:
 3314 strings out of 479005
 100000,383344 words of node,token memory allocated
 428 words of node memory still in use:
   3 hlist, 1 vlist, 1 rule, 2 glue, 3 kern, 1 glyph, 7 attribute, 50 glue_spec,
 7 attribute_list, 1 write nodes
   avail lists: 2:148,3:232,4:14,5:144,6:30,7:2614,8:1,9:156,10:5,11:88
 22579 multiletter control sequences out of 65536+200000
 44 fonts using 4857531 bytes
 80i,17n,81p,289b,470s stack positions out of 5000i,500n,10000p,200000b,50000s
<//?/c:/users/ris-otto/appdata/local/programs/miktex/fonts/opentype/public/lm/lm
roman10-italic.otf><//?/c:/users/ris-otto/appdata/local/programs/miktex/fonts/op
entype/public/lm/lmroman10-regular.otf><//?/c:/users/ris-otto/appdata/local/prog
rams/miktex/fonts/opentype/public/lm/lmroman10-bold.otf><//?/c:/users/ris-otto/a
ppdata/local/programs/miktex/fonts/opentype/public/lm/lmroman12-bold.otf><//?/c:
/users/ris-otto/appdata/local/programs/miktex/fonts/opentype/public/lm/lmroman12
-regular.otf><//?/c:/users/ris-otto/appdata/local/programs/miktex/fonts/opentype
/public/lm/lmroman17-regular.otf>
Output written on Spunk_bok.pdf (8 pages, 158641 bytes).

PDF statistics: 150 PDF objects out of 1000 (max. 8388607)
 0 named destinations out of 1000 (max. 131072)
 1 words of extra memory for PDF output out of 10000 (max. 100000000)

